<?xml version="1.0" encoding="UTF-8"?>
<testsuites name="TS1_ProductNavigation" time="12.199" tests="1" failures="0" errors="0">
   <testsuite name="TS1_ProductNavigation" tests="1" failures="0" errors="0" time="12.199" skipped="0" timestamp="28-09-2024T12:57:47" hostname="UC276JC - IN3155587W2.ey.net" id="Test Suites/TS1_ProductNavigation">
      <properties>
         <property name="deviceName" value=""/>
         <property name="devicePlatform"/>
         <property name="logFolder" value="C:\\Users\\UC276JC\\git\\KatalonTraining\\Reports\\20240928_125740\\TS1_ProductNavigation\\20240928_125740"/>
         <property name="logFiles" value="C:\\Users\\UC276JC\\git\\KatalonTraining\\Reports\\20240928_125740\\TS1_ProductNavigation\\20240928_125740\\execution0.log"/>
         <property name="attachments" value=""/>
         <property name="hostName" value="UC276JC - IN3155587W2.ey.net"/>
         <property name="os" value="Windows 10 64bit"/>
         <property name="katalonVersion" value="9.7.2.223"/>
         <property name="browser" value="Chrome 129.0.0.0"/>
         <property name="hostAddress" value="192.168.0.101"/>
         <property name="sessionId" value="bf12d943ed151eff079287c23ddce84b"/>
         <property name="seleniumVersion" value="3.141.59"/>
         <property name="proxyInformation" value="ProxyInformation { proxyOption=NO_PROXY, proxyServerType=HTTP, username=, password=********, proxyServerAddress=, proxyServerPort=0, executionList=&quot;&quot;, isApplyToDesiredCapabilities=true }"/>
         <property name="platform" value="Windows 10"/>
      </properties>
      <testcase name="Test Cases/TC1_ProductNavigation_Dogs" time="11.929" classname="Test Cases/TC1_ProductNavigation_Dogs" status="PASSED">
         <system-out><![CDATA[28-09-2024T12:57:47 - [TEST_CASE][PASSED] - Test Cases/TC1_ProductNavigation_Dogs: Test Cases/TC1_ProductNavigation_Dogs

28-09-2024T12:57:48 - [TEST_STEP][PASSED] - openBrowser(""): Browser is opened with url: ''

28-09-2024T12:57:48 - [MESSAGE][INFO] - Starting 'Chrome' driver

28-09-2024T12:57:48 - [MESSAGE][INFO] - Action delay is set to 0 milliseconds

28-09-2024T12:57:54 - [MESSAGE][PASSED] - Browser is opened with url: ''

28-09-2024T12:57:54 - [TEST_STEP][PASSED] - navigateToUrl("https://petstore.octoperf.com/"): Navigate to 'https://petstore.octoperf.com/' successfully

28-09-2024T12:57:55 - [MESSAGE][PASSED] - Navigate to 'https://petstore.octoperf.com/' successfully

28-09-2024T12:57:55 - [TEST_STEP][PASSED] - click(findTestObject("Object Repository/a_Enter the Store")): Object: 'Object Repository/a_Enter the Store' is clicked on

28-09-2024T12:57:57 - [MESSAGE][PASSED] - Object: 'Object Repository/a_Enter the Store' is clicked on

28-09-2024T12:57:57 - [TEST_STEP][PASSED] - click(findTestObject("Object Repository/img")): Object: 'Object Repository/img' is clicked on

28-09-2024T12:57:57 - [MESSAGE][PASSED] - Object: 'Object Repository/img' is clicked on

28-09-2024T12:57:57 - [TEST_STEP][PASSED] - click(findTestObject("Object Repository/a_K9-BD-01")): Object: 'Object Repository/a_K9-BD-01' is clicked on

28-09-2024T12:57:57 - [MESSAGE][PASSED] - Object: 'Object Repository/a_K9-BD-01' is clicked on

28-09-2024T12:57:57 - [TEST_STEP][PASSED] - click(findTestObject("Object Repository/a_Add to Cart")): Object: 'Object Repository/a_Add to Cart' is clicked on

28-09-2024T12:57:58 - [MESSAGE][PASSED] - Object: 'Object Repository/a_Add to Cart' is clicked on

28-09-2024T12:57:58 - [TEST_STEP][PASSED] - click(findTestObject("Object Repository/a_Proceed to Checkout")): Object: 'Object Repository/a_Proceed to Checkout' is clicked on

28-09-2024T12:57:58 - [MESSAGE][PASSED] - Object: 'Object Repository/a_Proceed to Checkout' is clicked on

28-09-2024T12:57:58 - [TEST_STEP][PASSED] - setText(findTestObject("Object Repository/input_Need a user name and password_username"), "radhika4"): Text 'radhika4' is set on object 'Object Repository/input_Need a user name and password_username'

28-09-2024T12:57:58 - [MESSAGE][PASSED] - Text 'radhika4' is set on object 'Object Repository/input_Need a user name and password_username'

28-09-2024T12:57:58 - [TEST_STEP][PASSED] - setEncryptedText(findTestObject("Object Repository/input_Need a user name and password_password"), "vgV/8XGf0hOMjcQZyLcRQw=="): Text ****** has been set on object 'Object Repository/input_Need a user name and password_password'

28-09-2024T12:57:58 - [MESSAGE][PASSED] - Text ****** has been set on object 'Object Repository/input_Need a user name and password_password'

28-09-2024T12:57:58 - [TEST_STEP][PASSED] - click(findTestObject("Object Repository/input_Need a user name and password_signon")): Object: 'Object Repository/input_Need a user name and password_signon' is clicked on

28-09-2024T12:57:59 - [MESSAGE][PASSED] - Object: 'Object Repository/input_Need a user name and password_signon' is clicked on

28-09-2024T12:57:59 - [TEST_STEP][PASSED] - closeBrowser(): Browser is closed

28-09-2024T12:57:59 - [MESSAGE][PASSED] - Browser is closed]]></system-out>
         <system-err><![CDATA[]]></system-err>
      </testcase>
      <system-out><![CDATA[28-09-2024T12:57:47 - [TEST_SUITE][PASSED] - TS1_ProductNavigation: Test Cases/TC1_ProductNavigation_Dogs]]></system-out>
      <system-err><![CDATA[]]></system-err>
   </testsuite>
</testsuites>
